[2025-11-09T10:52:52.911+0000] {local_task_job_runner.py:123} INFO - ::group::Pre task execution logs
[2025-11-09T10:52:52.931+0000] {taskinstance.py:2612} INFO - Dependencies all met for dep_context=non-requeueable deps ti=<TaskInstance: scheduled_training_dag.inference scheduled__2025-01-01T00:00:00+00:00 [queued]>
[2025-11-09T10:52:52.941+0000] {taskinstance.py:2612} INFO - Dependencies all met for dep_context=requeueable deps ti=<TaskInstance: scheduled_training_dag.inference scheduled__2025-01-01T00:00:00+00:00 [queued]>
[2025-11-09T10:52:52.941+0000] {taskinstance.py:2865} INFO - Starting attempt 1 of 1
[2025-11-09T10:52:52.969+0000] {taskinstance.py:2888} INFO - Executing <Task(BashOperator): inference> on 2025-01-01 00:00:00+00:00
[2025-11-09T10:52:52.974+0000] {standard_task_runner.py:72} INFO - Started process 522 to run task
[2025-11-09T10:52:52.978+0000] {standard_task_runner.py:104} INFO - Running: ['airflow', 'tasks', 'run', 'scheduled_training_dag', 'inference', 'scheduled__2025-01-01T00:00:00+00:00', '--job-id', '4', '--raw', '--subdir', 'DAGS_FOLDER/inference_monitoring_dag.py', '--cfg-path', '/tmp/tmpkq7063bz']
[2025-11-09T10:52:52.980+0000] {standard_task_runner.py:105} INFO - Job 4: Subtask inference
[2025-11-09T10:52:53.063+0000] {task_command.py:467} INFO - Running <TaskInstance: scheduled_training_dag.inference scheduled__2025-01-01T00:00:00+00:00 [running]> on host 7468da456d69
[2025-11-09T10:52:53.160+0000] {taskinstance.py:3131} INFO - Exporting env vars: AIRFLOW_CTX_DAG_OWNER='airflow' AIRFLOW_CTX_DAG_ID='scheduled_training_dag' AIRFLOW_CTX_TASK_ID='inference' AIRFLOW_CTX_EXECUTION_DATE='2025-01-01T00:00:00+00:00' AIRFLOW_CTX_TRY_NUMBER='1' AIRFLOW_CTX_DAG_RUN_ID='scheduled__2025-01-01T00:00:00+00:00'
[2025-11-09T10:52:53.162+0000] {taskinstance.py:731} INFO - ::endgroup::
[2025-11-09T10:52:53.176+0000] {subprocess.py:63} INFO - Tmp dir root location: /tmp
[2025-11-09T10:52:53.178+0000] {subprocess.py:75} INFO - Running command: ['/usr/bin/bash', '-c', 'python /app/scripts/05_run_inference.py']
[2025-11-09T10:52:53.184+0000] {subprocess.py:86} INFO - Output:
[2025-11-09T10:52:55.572+0000] {subprocess.py:93} INFO - Setting default log level to "WARN".
[2025-11-09T10:52:55.573+0000] {subprocess.py:93} INFO - To adjust logging level use sc.setLogLevel(newLevel). For SparkR, use setLogLevel(newLevel).
[2025-11-09T10:52:55.762+0000] {subprocess.py:93} INFO - 25/11/09 10:52:55 WARN NativeCodeLoader: Unable to load native-hadoop library for your platform... using builtin-java classes where applicable
[2025-11-09T10:52:56.770+0000] {subprocess.py:93} INFO - {'model_artefact_filepath': 'model_bank/xgb_credit_model_2024_09_01.pkl',
[2025-11-09T10:52:56.771+0000] {subprocess.py:93} INFO -  'model_bank_directory': 'model_bank/',
[2025-11-09T10:52:56.772+0000] {subprocess.py:93} INFO -  'model_name': 'xgb_credit_model_2024_09_01.pkl',
[2025-11-09T10:52:56.773+0000] {subprocess.py:93} INFO -  'snapshot_date': datetime.datetime(2024, 12, 1, 0, 0),
[2025-11-09T10:52:56.773+0000] {subprocess.py:93} INFO -  'snapshot_date_str': '2024-12-01'}
[2025-11-09T10:52:56.774+0000] {subprocess.py:93} INFO - Traceback (most recent call last):
[2025-11-09T10:52:56.775+0000] {subprocess.py:93} INFO -   File "/app/scripts/05_run_inference.py", line 41, in <module>
[2025-11-09T10:52:56.776+0000] {subprocess.py:93} INFO -     with open(config["model_artefact_filepath"], 'rb') as file:
[2025-11-09T10:52:56.776+0000] {subprocess.py:93} INFO - FileNotFoundError: [Errno 2] No such file or directory: 'model_bank/xgb_credit_model_2024_09_01.pkl'
[2025-11-09T10:52:57.338+0000] {subprocess.py:97} INFO - Command exited with return code 1
[2025-11-09T10:52:57.349+0000] {taskinstance.py:3310} ERROR - Task failed with exception
Traceback (most recent call last):
  File "/home/airflow/.local/lib/python3.10/site-packages/airflow/models/taskinstance.py", line 767, in _execute_task
    result = _execute_callable(context=context, **execute_callable_kwargs)
  File "/home/airflow/.local/lib/python3.10/site-packages/airflow/models/taskinstance.py", line 733, in _execute_callable
    return ExecutionCallableRunner(
  File "/home/airflow/.local/lib/python3.10/site-packages/airflow/utils/operator_helpers.py", line 252, in run
    return self.func(*args, **kwargs)
  File "/home/airflow/.local/lib/python3.10/site-packages/airflow/models/baseoperator.py", line 406, in wrapper
    return func(self, *args, **kwargs)
  File "/home/airflow/.local/lib/python3.10/site-packages/airflow/operators/bash.py", line 249, in execute
    raise AirflowException(
airflow.exceptions.AirflowException: Bash command failed. The command returned a non-zero exit code 1.
[2025-11-09T10:52:57.354+0000] {taskinstance.py:1225} INFO - Marking task as FAILED. dag_id=scheduled_training_dag, task_id=inference, run_id=scheduled__2025-01-01T00:00:00+00:00, execution_date=20250101T000000, start_date=20251109T105252, end_date=20251109T105257
[2025-11-09T10:52:57.382+0000] {taskinstance.py:340} INFO - ::group::Post task execution logs
[2025-11-09T10:52:57.383+0000] {standard_task_runner.py:124} ERROR - Failed to execute job 4 for task inference (Bash command failed. The command returned a non-zero exit code 1.; 522)
Traceback (most recent call last):
  File "/home/airflow/.local/lib/python3.10/site-packages/airflow/task/task_runner/standard_task_runner.py", line 117, in _start_by_fork
    ret = args.func(args, dag=self.dag)
  File "/home/airflow/.local/lib/python3.10/site-packages/airflow/cli/cli_config.py", line 49, in command
    return func(*args, **kwargs)
  File "/home/airflow/.local/lib/python3.10/site-packages/airflow/utils/cli.py", line 115, in wrapper
    return f(*args, **kwargs)
  File "/home/airflow/.local/lib/python3.10/site-packages/airflow/cli/commands/task_command.py", line 483, in task_run
    task_return_code = _run_task_by_selected_method(args, _dag, ti)
  File "/home/airflow/.local/lib/python3.10/site-packages/airflow/cli/commands/task_command.py", line 256, in _run_task_by_selected_method
    return _run_raw_task(args, ti)
  File "/home/airflow/.local/lib/python3.10/site-packages/airflow/cli/commands/task_command.py", line 341, in _run_raw_task
    return ti._run_raw_task(
  File "/home/airflow/.local/lib/python3.10/site-packages/airflow/utils/session.py", line 97, in wrapper
    return func(*args, session=session, **kwargs)
  File "/home/airflow/.local/lib/python3.10/site-packages/airflow/models/taskinstance.py", line 3004, in _run_raw_task
    return _run_raw_task(
  File "/home/airflow/.local/lib/python3.10/site-packages/airflow/models/taskinstance.py", line 273, in _run_raw_task
    TaskInstance._execute_task_with_callbacks(
  File "/home/airflow/.local/lib/python3.10/site-packages/airflow/models/taskinstance.py", line 3158, in _execute_task_with_callbacks
    result = self._execute_task(context, task_orig)
  File "/home/airflow/.local/lib/python3.10/site-packages/airflow/models/taskinstance.py", line 3182, in _execute_task
    return _execute_task(self, context, task_orig)
  File "/home/airflow/.local/lib/python3.10/site-packages/airflow/models/taskinstance.py", line 767, in _execute_task
    result = _execute_callable(context=context, **execute_callable_kwargs)
  File "/home/airflow/.local/lib/python3.10/site-packages/airflow/models/taskinstance.py", line 733, in _execute_callable
    return ExecutionCallableRunner(
  File "/home/airflow/.local/lib/python3.10/site-packages/airflow/utils/operator_helpers.py", line 252, in run
    return self.func(*args, **kwargs)
  File "/home/airflow/.local/lib/python3.10/site-packages/airflow/models/baseoperator.py", line 406, in wrapper
    return func(self, *args, **kwargs)
  File "/home/airflow/.local/lib/python3.10/site-packages/airflow/operators/bash.py", line 249, in execute
    raise AirflowException(
airflow.exceptions.AirflowException: Bash command failed. The command returned a non-zero exit code 1.
[2025-11-09T10:52:57.422+0000] {local_task_job_runner.py:266} INFO - Task exited with return code 1
[2025-11-09T10:52:57.443+0000] {taskinstance.py:3900} INFO - 0 downstream tasks scheduled from follow-on schedule check
[2025-11-09T10:52:57.461+0000] {local_task_job_runner.py:245} INFO - ::endgroup::
