[2025-11-09T10:58:21.738+0000] {local_task_job_runner.py:123} INFO - ::group::Pre task execution logs
[2025-11-09T10:58:21.752+0000] {taskinstance.py:2612} INFO - Dependencies all met for dep_context=non-requeueable deps ti=<TaskInstance: data_pipeline_dag.bronze_layer manual__2025-11-09T10:49:30.084303+00:00 [queued]>
[2025-11-09T10:58:21.760+0000] {taskinstance.py:2612} INFO - Dependencies all met for dep_context=requeueable deps ti=<TaskInstance: data_pipeline_dag.bronze_layer manual__2025-11-09T10:49:30.084303+00:00 [queued]>
[2025-11-09T10:58:21.761+0000] {taskinstance.py:2865} INFO - Starting attempt 3 of 3
[2025-11-09T10:58:21.786+0000] {taskinstance.py:2888} INFO - Executing <Task(BashOperator): bronze_layer> on 2025-11-09 10:49:30.084303+00:00
[2025-11-09T10:58:21.790+0000] {standard_task_runner.py:72} INFO - Started process 2119 to run task
[2025-11-09T10:58:21.793+0000] {standard_task_runner.py:104} INFO - Running: ['airflow', 'tasks', 'run', 'data_pipeline_dag', 'bronze_layer', 'manual__2025-11-09T10:49:30.084303+00:00', '--job-id', '11', '--raw', '--subdir', 'DAGS_FOLDER/data_pipeline_dag.py', '--cfg-path', '/tmp/tmpiohqou04']
[2025-11-09T10:58:21.795+0000] {standard_task_runner.py:105} INFO - Job 11: Subtask bronze_layer
[2025-11-09T10:58:21.872+0000] {task_command.py:467} INFO - Running <TaskInstance: data_pipeline_dag.bronze_layer manual__2025-11-09T10:49:30.084303+00:00 [running]> on host 7468da456d69
[2025-11-09T10:58:21.949+0000] {taskinstance.py:3131} INFO - Exporting env vars: AIRFLOW_CTX_DAG_OWNER='airflow' AIRFLOW_CTX_DAG_ID='data_pipeline_dag' AIRFLOW_CTX_TASK_ID='bronze_layer' AIRFLOW_CTX_EXECUTION_DATE='2025-11-09T10:49:30.084303+00:00' AIRFLOW_CTX_TRY_NUMBER='3' AIRFLOW_CTX_DAG_RUN_ID='manual__2025-11-09T10:49:30.084303+00:00'
[2025-11-09T10:58:21.950+0000] {taskinstance.py:731} INFO - ::endgroup::
[2025-11-09T10:58:21.963+0000] {subprocess.py:63} INFO - Tmp dir root location: /tmp
[2025-11-09T10:58:21.964+0000] {subprocess.py:75} INFO - Running command: ['/usr/bin/bash', '-c', 'python /app/scripts/01_create_bronze_layer.py']
[2025-11-09T10:58:21.972+0000] {subprocess.py:86} INFO - Output:
[2025-11-09T10:58:23.791+0000] {subprocess.py:93} INFO - Setting default log level to "WARN".
[2025-11-09T10:58:23.792+0000] {subprocess.py:93} INFO - To adjust logging level use sc.setLogLevel(newLevel). For SparkR, use setLogLevel(newLevel).
[2025-11-09T10:58:23.944+0000] {subprocess.py:93} INFO - 25/11/09 10:58:23 WARN NativeCodeLoader: Unable to load native-hadoop library for your platform... using builtin-java classes where applicable
[2025-11-09T10:58:24.806+0000] {subprocess.py:93} INFO - Created directory (if missing): /app/datamart/bronze/lms/
[2025-11-09T10:58:24.808+0000] {subprocess.py:93} INFO - Created directory (if missing): /app/datamart/bronze/clickstream/
[2025-11-09T10:58:24.809+0000] {subprocess.py:93} INFO - Created directory (if missing): /app/datamart/bronze/attributes/
[2025-11-09T10:58:24.810+0000] {subprocess.py:93} INFO - Created directory (if missing): /app/datamart/bronze/fin/
[2025-11-09T10:58:24.811+0000] {subprocess.py:93} INFO - Traceback (most recent call last):
[2025-11-09T10:58:24.812+0000] {subprocess.py:93} INFO -   File "/app/scripts/01_create_bronze_layer.py", line 46, in <module>
[2025-11-09T10:58:24.813+0000] {subprocess.py:93} INFO -     utils.data_processing_bronze_table.process_bronze_table("/app/data/lms_loan_daily.csv",bronze_lms_directory, spark)
[2025-11-09T10:58:24.814+0000] {subprocess.py:93} INFO - NameError: name 'utils' is not defined
[2025-11-09T10:58:25.293+0000] {subprocess.py:97} INFO - Command exited with return code 1
[2025-11-09T10:58:25.307+0000] {taskinstance.py:3310} ERROR - Task failed with exception
Traceback (most recent call last):
  File "/home/airflow/.local/lib/python3.10/site-packages/airflow/models/taskinstance.py", line 767, in _execute_task
    result = _execute_callable(context=context, **execute_callable_kwargs)
  File "/home/airflow/.local/lib/python3.10/site-packages/airflow/models/taskinstance.py", line 733, in _execute_callable
    return ExecutionCallableRunner(
  File "/home/airflow/.local/lib/python3.10/site-packages/airflow/utils/operator_helpers.py", line 252, in run
    return self.func(*args, **kwargs)
  File "/home/airflow/.local/lib/python3.10/site-packages/airflow/models/baseoperator.py", line 406, in wrapper
    return func(self, *args, **kwargs)
  File "/home/airflow/.local/lib/python3.10/site-packages/airflow/operators/bash.py", line 249, in execute
    raise AirflowException(
airflow.exceptions.AirflowException: Bash command failed. The command returned a non-zero exit code 1.
[2025-11-09T10:58:25.311+0000] {taskinstance.py:1225} INFO - Marking task as FAILED. dag_id=data_pipeline_dag, task_id=bronze_layer, run_id=manual__2025-11-09T10:49:30.084303+00:00, execution_date=20251109T104930, start_date=20251109T105821, end_date=20251109T105825
[2025-11-09T10:58:25.336+0000] {taskinstance.py:340} INFO - ::group::Post task execution logs
[2025-11-09T10:58:25.337+0000] {standard_task_runner.py:124} ERROR - Failed to execute job 11 for task bronze_layer (Bash command failed. The command returned a non-zero exit code 1.; 2119)
Traceback (most recent call last):
  File "/home/airflow/.local/lib/python3.10/site-packages/airflow/task/task_runner/standard_task_runner.py", line 117, in _start_by_fork
    ret = args.func(args, dag=self.dag)
  File "/home/airflow/.local/lib/python3.10/site-packages/airflow/cli/cli_config.py", line 49, in command
    return func(*args, **kwargs)
  File "/home/airflow/.local/lib/python3.10/site-packages/airflow/utils/cli.py", line 115, in wrapper
    return f(*args, **kwargs)
  File "/home/airflow/.local/lib/python3.10/site-packages/airflow/cli/commands/task_command.py", line 483, in task_run
    task_return_code = _run_task_by_selected_method(args, _dag, ti)
  File "/home/airflow/.local/lib/python3.10/site-packages/airflow/cli/commands/task_command.py", line 256, in _run_task_by_selected_method
    return _run_raw_task(args, ti)
  File "/home/airflow/.local/lib/python3.10/site-packages/airflow/cli/commands/task_command.py", line 341, in _run_raw_task
    return ti._run_raw_task(
  File "/home/airflow/.local/lib/python3.10/site-packages/airflow/utils/session.py", line 97, in wrapper
    return func(*args, session=session, **kwargs)
  File "/home/airflow/.local/lib/python3.10/site-packages/airflow/models/taskinstance.py", line 3004, in _run_raw_task
    return _run_raw_task(
  File "/home/airflow/.local/lib/python3.10/site-packages/airflow/models/taskinstance.py", line 273, in _run_raw_task
    TaskInstance._execute_task_with_callbacks(
  File "/home/airflow/.local/lib/python3.10/site-packages/airflow/models/taskinstance.py", line 3158, in _execute_task_with_callbacks
    result = self._execute_task(context, task_orig)
  File "/home/airflow/.local/lib/python3.10/site-packages/airflow/models/taskinstance.py", line 3182, in _execute_task
    return _execute_task(self, context, task_orig)
  File "/home/airflow/.local/lib/python3.10/site-packages/airflow/models/taskinstance.py", line 767, in _execute_task
    result = _execute_callable(context=context, **execute_callable_kwargs)
  File "/home/airflow/.local/lib/python3.10/site-packages/airflow/models/taskinstance.py", line 733, in _execute_callable
    return ExecutionCallableRunner(
  File "/home/airflow/.local/lib/python3.10/site-packages/airflow/utils/operator_helpers.py", line 252, in run
    return self.func(*args, **kwargs)
  File "/home/airflow/.local/lib/python3.10/site-packages/airflow/models/baseoperator.py", line 406, in wrapper
    return func(self, *args, **kwargs)
  File "/home/airflow/.local/lib/python3.10/site-packages/airflow/operators/bash.py", line 249, in execute
    raise AirflowException(
airflow.exceptions.AirflowException: Bash command failed. The command returned a non-zero exit code 1.
[2025-11-09T10:58:25.381+0000] {local_task_job_runner.py:266} INFO - Task exited with return code 1
[2025-11-09T10:58:25.404+0000] {taskinstance.py:3900} INFO - 0 downstream tasks scheduled from follow-on schedule check
[2025-11-09T10:58:25.419+0000] {local_task_job_runner.py:245} INFO - ::endgroup::
