[2025-11-09T14:09:40.624+0000] {local_task_job_runner.py:123} INFO - ::group::Pre task execution logs
[2025-11-09T14:09:40.638+0000] {taskinstance.py:2612} INFO - Dependencies all met for dep_context=non-requeueable deps ti=<TaskInstance: scheduled_training_dag.model_monitoring.check_data_drift manual__2025-11-09T13:22:11.597684+00:00 [queued]>
[2025-11-09T14:09:40.648+0000] {taskinstance.py:2612} INFO - Dependencies all met for dep_context=requeueable deps ti=<TaskInstance: scheduled_training_dag.model_monitoring.check_data_drift manual__2025-11-09T13:22:11.597684+00:00 [queued]>
[2025-11-09T14:09:40.649+0000] {taskinstance.py:2865} INFO - Starting attempt 2 of 2
[2025-11-09T14:09:40.679+0000] {taskinstance.py:2888} INFO - Executing <Task(BashOperator): model_monitoring.check_data_drift> on 2025-11-09 13:22:11.597684+00:00
[2025-11-09T14:09:40.683+0000] {standard_task_runner.py:72} INFO - Started process 19492 to run task
[2025-11-09T14:09:40.687+0000] {standard_task_runner.py:104} INFO - Running: ['airflow', 'tasks', 'run', 'scheduled_training_dag', 'model_monitoring.check_data_drift', 'manual__2025-11-09T13:22:11.597684+00:00', '--job-id', '61', '--raw', '--subdir', 'DAGS_FOLDER/inference_monitoring_dag.py', '--cfg-path', '/tmp/tmp2n3dx7xv']
[2025-11-09T14:09:40.690+0000] {standard_task_runner.py:105} INFO - Job 61: Subtask model_monitoring.check_data_drift
[2025-11-09T14:09:40.773+0000] {task_command.py:467} INFO - Running <TaskInstance: scheduled_training_dag.model_monitoring.check_data_drift manual__2025-11-09T13:22:11.597684+00:00 [running]> on host 7468da456d69
[2025-11-09T14:09:40.859+0000] {taskinstance.py:3131} INFO - Exporting env vars: AIRFLOW_CTX_DAG_OWNER='airflow' AIRFLOW_CTX_DAG_ID='scheduled_training_dag' AIRFLOW_CTX_TASK_ID='model_monitoring.check_data_drift' AIRFLOW_CTX_EXECUTION_DATE='2025-11-09T13:22:11.597684+00:00' AIRFLOW_CTX_TRY_NUMBER='2' AIRFLOW_CTX_DAG_RUN_ID='manual__2025-11-09T13:22:11.597684+00:00'
[2025-11-09T14:09:40.860+0000] {taskinstance.py:731} INFO - ::endgroup::
[2025-11-09T14:09:40.876+0000] {subprocess.py:63} INFO - Tmp dir root location: /tmp
[2025-11-09T14:09:40.878+0000] {subprocess.py:75} INFO - Running command: ['/usr/bin/bash', '-c', 'python /app/scripts/07_data_drift_monitoring.py --train_date 2016-04-01']
[2025-11-09T14:09:40.887+0000] {subprocess.py:86} INFO - Output:
[2025-11-09T14:09:42.788+0000] {subprocess.py:93} INFO - Setting default log level to "WARN".
[2025-11-09T14:09:42.789+0000] {subprocess.py:93} INFO - To adjust logging level use sc.setLogLevel(newLevel). For SparkR, use setLogLevel(newLevel).
[2025-11-09T14:09:42.977+0000] {subprocess.py:93} INFO - 25/11/09 14:09:42 WARN NativeCodeLoader: Unable to load native-hadoop library for your platform... using builtin-java classes where applicable
[2025-11-09T14:09:50.779+0000] {subprocess.py:93} INFO - [Stage 4:==============>                                           (3 + 9) / 12]                                                                                predictions:
[2025-11-09T14:09:50.780+0000] {subprocess.py:93} INFO - True labels:
[2025-11-09T14:09:50.781+0000] {subprocess.py:93} INFO - Features:
[2025-11-09T14:09:50.782+0000] {subprocess.py:93} INFO - +-------------+-----+
[2025-11-09T14:09:50.783+0000] {subprocess.py:93} INFO - |snapshot_date|count|
[2025-11-09T14:09:50.784+0000] {subprocess.py:93} INFO - +-------------+-----+
[2025-11-09T14:09:50.785+0000] {subprocess.py:93} INFO - |2023-08-01   |530  |
[2025-11-09T14:09:50.786+0000] {subprocess.py:93} INFO - |2023-09-01   |501  |
[2025-11-09T14:09:50.787+0000] {subprocess.py:93} INFO - |2023-10-01   |506  |
[2025-11-09T14:09:50.788+0000] {subprocess.py:93} INFO - |2023-11-01   |510  |
[2025-11-09T14:09:50.789+0000] {subprocess.py:93} INFO - |2023-12-01   |521  |
[2025-11-09T14:09:50.789+0000] {subprocess.py:93} INFO - |2024-01-01   |517  |
[2025-11-09T14:09:50.791+0000] {subprocess.py:93} INFO - |2024-02-01   |471  |
[2025-11-09T14:09:50.792+0000] {subprocess.py:93} INFO - |2024-03-01   |481  |
[2025-11-09T14:09:50.792+0000] {subprocess.py:93} INFO - |2024-04-01   |454  |
[2025-11-09T14:09:50.793+0000] {subprocess.py:93} INFO - |2024-05-01   |487  |
[2025-11-09T14:09:50.794+0000] {subprocess.py:93} INFO - |2024-06-01   |491  |
[2025-11-09T14:09:50.794+0000] {subprocess.py:93} INFO - |2024-07-01   |489  |
[2025-11-09T14:09:50.795+0000] {subprocess.py:93} INFO - |2024-08-01   |485  |
[2025-11-09T14:09:50.795+0000] {subprocess.py:93} INFO - |2024-09-01   |518  |
[2025-11-09T14:09:50.796+0000] {subprocess.py:93} INFO - |2024-10-01   |511  |
[2025-11-09T14:09:50.797+0000] {subprocess.py:93} INFO - |2024-11-01   |513  |
[2025-11-09T14:09:50.798+0000] {subprocess.py:93} INFO - |2024-12-01   |491  |
[2025-11-09T14:09:50.798+0000] {subprocess.py:93} INFO - |2025-01-01   |498  |
[2025-11-09T14:09:50.799+0000] {subprocess.py:93} INFO - |2025-02-01   |505  |
[2025-11-09T14:09:50.800+0000] {subprocess.py:93} INFO - |2025-03-01   |543  |
[2025-11-09T14:09:50.800+0000] {subprocess.py:93} INFO - +-------------+-----+
[2025-11-09T14:09:50.801+0000] {subprocess.py:93} INFO - only showing top 20 rows
[2025-11-09T14:09:50.802+0000] {subprocess.py:93} INFO - 
[2025-11-09T14:09:50.803+0000] {subprocess.py:93} INFO - Traceback (most recent call last):
[2025-11-09T14:09:50.804+0000] {subprocess.py:93} INFO -   File "/app/scripts/07_data_drift_monitoring.py", line 43, in <module>
[2025-11-09T14:09:50.805+0000] {subprocess.py:93} INFO -     merged_df = df_predictions.alias("p").join(
[2025-11-09T14:09:50.806+0000] {subprocess.py:93} INFO -   File "/home/airflow/.local/lib/python3.10/site-packages/pyspark/sql/dataframe.py", line 2493, in join
[2025-11-09T14:09:50.806+0000] {subprocess.py:93} INFO -     jdf = self._jdf.join(other._jdf, on, how)
[2025-11-09T14:09:50.807+0000] {subprocess.py:93} INFO -   File "/home/airflow/.local/lib/python3.10/site-packages/py4j/java_gateway.py", line 1322, in __call__
[2025-11-09T14:09:50.807+0000] {subprocess.py:93} INFO -     return_value = get_return_value(
[2025-11-09T14:09:50.808+0000] {subprocess.py:93} INFO -   File "/home/airflow/.local/lib/python3.10/site-packages/pyspark/errors/exceptions/captured.py", line 185, in deco
[2025-11-09T14:09:50.809+0000] {subprocess.py:93} INFO -     raise converted from None
[2025-11-09T14:09:50.810+0000] {subprocess.py:93} INFO - pyspark.errors.exceptions.captured.AnalysisException: [UNRESOLVED_USING_COLUMN_FOR_JOIN] USING column `snapshot_date` cannot be resolved on the right side of the join. The right-side columns: [`Annual_Income`, `Changed_Credit_Limit`, `Credit_History_Age`, `Credit_Mix`, `Credit_Utilization_Ratio`, `Customer_ID`, `Delay_from_due_date`, `Interest_Rate`, `Monthly_Inhand_Salary`, `Num_Bank_Accounts`, `Num_Credit_Card`, `Num_Credit_Inquiries`, `Num_of_Delayed_Payment`, `Num_of_Loan`, `Occupation`, `Payment_Behaviour`, `fe_10_5m_avg`, `fe_11_5m_avg`, `fe_12_5m_avg`, `fe_13_5m_avg`, `fe_14_5m_avg`, `fe_15_5m_avg`, `fe_16_5m_avg`, `fe_17_5m_avg`, `fe_18_5m_avg`, `fe_19_5m_avg`, `fe_1_5m_avg`, `fe_20_5m_avg`, `fe_2_5m_avg`, `fe_3_5m_avg`, `fe_4_5m_avg`, `fe_5_5m_avg`, `fe_6_5m_avg`, `fe_7_5m_avg`, `fe_8_5m_avg`, `fe_9_5m_avg`].
[2025-11-09T14:09:51.227+0000] {subprocess.py:97} INFO - Command exited with return code 1
[2025-11-09T14:09:51.236+0000] {taskinstance.py:3310} ERROR - Task failed with exception
Traceback (most recent call last):
  File "/home/airflow/.local/lib/python3.10/site-packages/airflow/models/taskinstance.py", line 767, in _execute_task
    result = _execute_callable(context=context, **execute_callable_kwargs)
  File "/home/airflow/.local/lib/python3.10/site-packages/airflow/models/taskinstance.py", line 733, in _execute_callable
    return ExecutionCallableRunner(
  File "/home/airflow/.local/lib/python3.10/site-packages/airflow/utils/operator_helpers.py", line 252, in run
    return self.func(*args, **kwargs)
  File "/home/airflow/.local/lib/python3.10/site-packages/airflow/models/baseoperator.py", line 406, in wrapper
    return func(self, *args, **kwargs)
  File "/home/airflow/.local/lib/python3.10/site-packages/airflow/operators/bash.py", line 249, in execute
    raise AirflowException(
airflow.exceptions.AirflowException: Bash command failed. The command returned a non-zero exit code 1.
[2025-11-09T14:09:51.241+0000] {taskinstance.py:1225} INFO - Marking task as FAILED. dag_id=scheduled_training_dag, task_id=model_monitoring.check_data_drift, run_id=manual__2025-11-09T13:22:11.597684+00:00, execution_date=20251109T132211, start_date=20251109T140940, end_date=20251109T140951
[2025-11-09T14:09:51.270+0000] {taskinstance.py:340} INFO - ::group::Post task execution logs
[2025-11-09T14:09:51.271+0000] {standard_task_runner.py:124} ERROR - Failed to execute job 61 for task model_monitoring.check_data_drift (Bash command failed. The command returned a non-zero exit code 1.; 19492)
Traceback (most recent call last):
  File "/home/airflow/.local/lib/python3.10/site-packages/airflow/task/task_runner/standard_task_runner.py", line 117, in _start_by_fork
    ret = args.func(args, dag=self.dag)
  File "/home/airflow/.local/lib/python3.10/site-packages/airflow/cli/cli_config.py", line 49, in command
    return func(*args, **kwargs)
  File "/home/airflow/.local/lib/python3.10/site-packages/airflow/utils/cli.py", line 115, in wrapper
    return f(*args, **kwargs)
  File "/home/airflow/.local/lib/python3.10/site-packages/airflow/cli/commands/task_command.py", line 483, in task_run
    task_return_code = _run_task_by_selected_method(args, _dag, ti)
  File "/home/airflow/.local/lib/python3.10/site-packages/airflow/cli/commands/task_command.py", line 256, in _run_task_by_selected_method
    return _run_raw_task(args, ti)
  File "/home/airflow/.local/lib/python3.10/site-packages/airflow/cli/commands/task_command.py", line 341, in _run_raw_task
    return ti._run_raw_task(
  File "/home/airflow/.local/lib/python3.10/site-packages/airflow/utils/session.py", line 97, in wrapper
    return func(*args, session=session, **kwargs)
  File "/home/airflow/.local/lib/python3.10/site-packages/airflow/models/taskinstance.py", line 3004, in _run_raw_task
    return _run_raw_task(
  File "/home/airflow/.local/lib/python3.10/site-packages/airflow/models/taskinstance.py", line 273, in _run_raw_task
    TaskInstance._execute_task_with_callbacks(
  File "/home/airflow/.local/lib/python3.10/site-packages/airflow/models/taskinstance.py", line 3158, in _execute_task_with_callbacks
    result = self._execute_task(context, task_orig)
  File "/home/airflow/.local/lib/python3.10/site-packages/airflow/models/taskinstance.py", line 3182, in _execute_task
    return _execute_task(self, context, task_orig)
  File "/home/airflow/.local/lib/python3.10/site-packages/airflow/models/taskinstance.py", line 767, in _execute_task
    result = _execute_callable(context=context, **execute_callable_kwargs)
  File "/home/airflow/.local/lib/python3.10/site-packages/airflow/models/taskinstance.py", line 733, in _execute_callable
    return ExecutionCallableRunner(
  File "/home/airflow/.local/lib/python3.10/site-packages/airflow/utils/operator_helpers.py", line 252, in run
    return self.func(*args, **kwargs)
  File "/home/airflow/.local/lib/python3.10/site-packages/airflow/models/baseoperator.py", line 406, in wrapper
    return func(self, *args, **kwargs)
  File "/home/airflow/.local/lib/python3.10/site-packages/airflow/operators/bash.py", line 249, in execute
    raise AirflowException(
airflow.exceptions.AirflowException: Bash command failed. The command returned a non-zero exit code 1.
[2025-11-09T14:09:51.296+0000] {local_task_job_runner.py:266} INFO - Task exited with return code 1
[2025-11-09T14:09:51.312+0000] {taskinstance.py:3900} INFO - 0 downstream tasks scheduled from follow-on schedule check
[2025-11-09T14:09:51.331+0000] {local_task_job_runner.py:245} INFO - ::endgroup::
